app/build/intermediates/manifest_merge_blame_file/debug/manifest-merger-blame-debug-report.txt
1<?xml version="1.0" encoding="utf-8"?>
2<manifest xmlns:android="http://schemas.android.com/apk/res/android"
3    package="com.example.greengym"
4    android:versionCode="1"
5    android:versionName="1.0" >
6
7    <uses-sdk
8        android:minSdkVersion="16"
8-->src\main\AndroidManifest.xml
9        android:targetSdkVersion="28" />
9-->src\main\AndroidManifest.xml
10
11    <uses-permission android:name="android.permission.INTERNET" />
11-->src\main\AndroidManifest.xml:5:5-67
11-->src\main\AndroidManifest.xml:5:22-64
12    <uses-permission android:name="android.permission.ACCESS_NETWORK_STATE" />
12-->src\main\AndroidManifest.xml:6:5-79
12-->src\main\AndroidManifest.xml:6:22-76
13    <uses-permission android:name="android.permission.ACCESS_FINE_LOCATION" />
13-->src\main\AndroidManifest.xml:7:5-79
13-->src\main\AndroidManifest.xml:7:22-76
14    <uses-permission android:name="android.permission.READ_EXTERNAL_STORAGE" />
14-->src\main\AndroidManifest.xml:8:5-79
14-->src\main\AndroidManifest.xml:8:22-77
15
16    <application
16-->src\main\AndroidManifest.xml:10:5-40:19
17        android:allowBackup="true"
17-->src\main\AndroidManifest.xml:11:9-35
18        android:appComponentFactory="androidx.core.app.CoreComponentFactory"
18-->[androidx.core:core:1.3.1] AndroidManifest.xml:24:18-86
19        android:debuggable="true"
20        android:icon="@mipmap/ic_launcher"
20-->src\main\AndroidManifest.xml:12:9-43
21        android:label="@string/app_name"
21-->src\main\AndroidManifest.xml:13:9-41
22        android:roundIcon="@mipmap/ic_launcher_round"
22-->src\main\AndroidManifest.xml:14:9-54
23        android:supportsRtl="true"
23-->src\main\AndroidManifest.xml:15:9-35
24        android:testOnly="true"
25        android:theme="@style/Theme.Greengym" >
25-->src\main\AndroidManifest.xml:16:9-46
26        <activity android:name="com.example.greengym.Method_TurnWaist" />
26-->src\main\AndroidManifest.xml:17:9-63
26-->src\main\AndroidManifest.xml:17:19-51
27        <activity android:name="com.example.greengym.Method_Run" />
27-->src\main\AndroidManifest.xml:18:9-48
27-->src\main\AndroidManifest.xml:18:19-45
28        <activity android:name="com.example.greengym.Search_stretch" />
28-->src\main\AndroidManifest.xml:19:9-52
28-->src\main\AndroidManifest.xml:19:19-49
29        <activity android:name="com.example.greengym.Search_all" />
29-->src\main\AndroidManifest.xml:20:9-48
29-->src\main\AndroidManifest.xml:20:19-45
30        <activity android:name="com.example.greengym.Search_down" />
30-->src\main\AndroidManifest.xml:21:9-49
30-->src\main\AndroidManifest.xml:21:19-46
31        <activity android:name="com.example.greengym.Search_up" />
31-->src\main\AndroidManifest.xml:22:9-47
31-->src\main\AndroidManifest.xml:22:19-44
32        <activity android:name="com.example.greengym.Search_Map" />
32-->src\main\AndroidManifest.xml:23:9-48
32-->src\main\AndroidManifest.xml:23:19-45
33        <activity android:name="com.example.greengym.Search_byEquip" />
33-->src\main\AndroidManifest.xml:24:9-52
33-->src\main\AndroidManifest.xml:24:19-49
34        <activity android:name="com.example.greengym.Method2" />
34-->src\main\AndroidManifest.xml:25:9-45
34-->src\main\AndroidManifest.xml:25:19-42
35        <activity android:name="com.example.greengym.Search" />
35-->src\main\AndroidManifest.xml:26:9-44
35-->src\main\AndroidManifest.xml:26:19-41
36        <activity android:name="com.example.greengym.Rate_Statistic" />
36-->src\main\AndroidManifest.xml:27:9-52
36-->src\main\AndroidManifest.xml:27:19-49
37        <activity android:name="com.example.greengym.Report_Location" />
37-->src\main\AndroidManifest.xml:28:9-53
37-->src\main\AndroidManifest.xml:28:19-50
38        <activity android:name="com.example.greengym.Report" />
38-->src\main\AndroidManifest.xml:29:9-44
38-->src\main\AndroidManifest.xml:29:19-41
39        <activity android:name="com.example.greengym.Rate" />
39-->src\main\AndroidManifest.xml:30:9-42
39-->src\main\AndroidManifest.xml:30:19-39
40        <activity android:name="com.example.greengym.Method" />
40-->src\main\AndroidManifest.xml:31:9-44
40-->src\main\AndroidManifest.xml:31:19-41
41        <activity android:name="com.example.greengym.MainActivity" />
41-->src\main\AndroidManifest.xml:32:9-50
41-->src\main\AndroidManifest.xml:32:19-47
42        <activity android:name="com.example.greengym.IntroActivity" >
42-->src\main\AndroidManifest.xml:33:9-39:20
42-->src\main\AndroidManifest.xml:33:19-48
43            <intent-filter>
43-->src\main\AndroidManifest.xml:34:13-38:29
44                <action android:name="android.intent.action.MAIN" />
44-->src\main\AndroidManifest.xml:35:17-69
44-->src\main\AndroidManifest.xml:35:25-66
45
46                <category android:name="android.intent.category.LAUNCHER" />
46-->src\main\AndroidManifest.xml:37:17-77
46-->src\main\AndroidManifest.xml:37:27-74
47            </intent-filter>
48        </activity>
49    </application>
50
51</manifest>